Command line:
   counter_isim_beh.exe
     -simmode  gui
     -simrunnum  0
     -socket  65321

Sat Aug 21 09:23:27 2021


 Elaboration Time: 0.09375 sec

 Current Memory Usage: 5806.94 Meg

 Total Signals          : 16
 Total Nets             : 32
 Total Signal Drivers   : 6
 Total Blocks           : 2
 Total Primitive Blocks : 2
 Total Processes        : 8
 Total Traceable Variables  : 19
 Total Scalar Nets and Variables : 128
Total Line Count : 18

 Total Simulation Time: 0.109375 sec

 Current Memory Usage: 5806.94 Meg

Sat Aug 21 09:23:34 2021

