Command line:
   data_path_isim_beh.exe
     -simmode  gui
     -simrunnum  0
     -socket  63739

Sat Aug 21 15:48:59 2021


 Elaboration Time: 0.296875 sec

 Current Memory Usage: 5805.14 Meg

 Total Signals          : 57
 Total Nets             : 123
 Total Signal Drivers   : 12
 Total Blocks           : 8
 Total Primitive Blocks : 7
 Total Processes        : 19
 Total Traceable Variables  : 24
 Total Scalar Nets and Variables : 284
Total Line Count : 39

 Total Simulation Time: 0.296875 sec

 Current Memory Usage: 5805.14 Meg

Sat Aug 21 15:49:02 2021

