Command line:
   shiftreg_isim_beh.exe
     -simmode  gui
     -simrunnum  0
     -socket  63727

Sat Aug 21 15:46:23 2021


 Elaboration Time: 0.234375 sec

 Current Memory Usage: 5805.16 Meg

 Total Signals          : 19
 Total Nets             : 50
 Total Signal Drivers   : 6
 Total Blocks           : 2
 Total Primitive Blocks : 2
 Total Processes        : 8
 Total Traceable Variables  : 19
 Total Scalar Nets and Variables : 146
Total Line Count : 19

 Total Simulation Time: 0.265625 sec

 Current Memory Usage: 5805.16 Meg

Sat Aug 21 15:46:26 2021

