Command line:
   ALU_isim_beh.exe
     -simmode  gui
     -simrunnum  0
     -socket  65306

Sat Aug 21 09:17:59 2021


 Elaboration Time: 0.078125 sec

 Current Memory Usage: 5807.97 Meg

 Total Signals          : 16
 Total Nets             : 62
 Total Signal Drivers   : 6
 Total Blocks           : 2
 Total Primitive Blocks : 2
 Total Processes        : 8
 Total Traceable Variables  : 19
 Total Scalar Nets and Variables : 158
Total Line Count : 18

 Total Simulation Time: 0.078125 sec

 Current Memory Usage: 5336.11 Meg

Sat Aug 21 09:19:57 2021

